2025-06-11 14:56:47 [INFO] [match_players.py] Loaded broadcast and tacticam features successfully.
2025-06-11 14:56:47 [INFO] [match_players.py] Cost matrix computed using weighted appearance + spatial distance.
2025-06-11 14:56:47 [INFO] [match_players.py] Tac 1 -> Broad 11 (score=0.623)
2025-06-11 14:56:47 [INFO] [match_players.py] Tac 2 -> Broad 37 (score=0.640)
2025-06-11 14:56:47 [INFO] [match_players.py] Tac 3 -> Broad 40 (score=0.632)
2025-06-11 14:56:47 [INFO] [match_players.py] Tac 5 -> Broad 7 (score=0.640)
2025-06-11 14:56:47 [INFO] [match_players.py] Tac 6 -> Broad 8 (score=0.626)
2025-06-11 14:56:47 [INFO] [match_players.py] Tac 7 -> Broad 4 (score=0.627)
2025-06-11 14:56:47 [INFO] [match_players.py] Tac 9 -> Broad 70 (score=0.569)
2025-06-11 14:56:47 [INFO] [match_players.py] Tac 10 -> Broad 5 (score=0.638)
2025-06-11 14:56:47 [INFO] [match_players.py] Tac 11 -> Broad 63 (score=0.611)
2025-06-11 14:56:47 [INFO] [match_players.py] Tac 12 -> Broad 14 (score=0.621)
2025-06-11 14:56:47 [INFO] [match_players.py] Tac 13 -> Broad 12 (score=0.603)
2025-06-11 14:56:47 [WARNING] [match_players.py] Tac 14 skipped (score=0.495)
2025-06-11 14:56:47 [INFO] [match_players.py] Tac 15 -> Broad 51 (score=0.628)
2025-06-11 14:56:47 [INFO] [match_players.py] Tac 16 -> Broad 16 (score=0.619)
2025-06-11 14:56:47 [INFO] [match_players.py] Tac 17 -> Broad 6 (score=0.630)
2025-06-11 14:56:47 [INFO] [match_players.py] Tac 18 -> Broad 9 (score=0.624)
2025-06-11 14:56:47 [INFO] [match_players.py] Tac 20 -> Broad 10 (score=0.635)
2025-06-11 14:56:47 [INFO] [match_players.py] Tac 22 -> Broad 15 (score=0.614)
2025-06-11 14:56:47 [INFO] [match_players.py] Tac 32 -> Broad 23 (score=0.588)
2025-06-11 14:56:47 [INFO] [match_players.py] Tac 34 -> Broad 21 (score=0.644)
2025-06-11 14:56:47 [INFO] [match_players.py] Tac 48 -> Broad 56 (score=0.616)
2025-06-11 14:56:47 [INFO] [match_players.py] Tac 57 -> Broad 45 (score=0.557)
2025-06-11 14:56:47 [INFO] [match_players.py] Saved ID mapping to 'mapping/id_mapping.json'. Mapped 21 players.
2025-06-11 14:56:47 [INFO] [visualize_results.py] Successfully loaded ID mapping from 'mapping/id_mapping.json'.
2025-06-11 14:56:47 [INFO] [visualize_results.py] Started visualization for 'broadcast' at 1920x1080, 24.81203007518797 FPS.
2025-06-11 14:56:50 [INFO] [visualize_results.py] Finished processing all frames for 'broadcast'.
2025-06-11 14:56:50 [INFO] [visualize_results.py] Visualization saved to output/broadcast_output.mp4
2025-06-11 14:56:50 [INFO] [visualize_results.py] Started visualization for 'tacticam' at 1920x1080, 24.63235294117647 FPS.
2025-06-11 14:56:53 [INFO] [visualize_results.py] Finished processing all frames for 'tacticam'.
2025-06-11 14:56:53 [INFO] [visualize_results.py] Visualization saved to output/tacticam_output.mp4
2025-06-11 14:56:53 [INFO] [visualize_results.py] All visualizations completed.
